<?xml version="1.0" encoding="UTF-8"?>
<coverage generated="1686316814955" clover="3.2.0">
  <project timestamp="1686316814955" name="All files">
    <metrics statements="6" coveredstatements="6" conditionals="0" coveredconditionals="0" methods="2" coveredmethods="2" elements="8" coveredelements="8" complexity="0" loc="6" ncloc="6" packages="1" files="1" classes="1"/>
    <file name="LoginSlice.ts" path="C:\Users\estem\Documents\Develop\CooL Travel\COOL-FRONT\src\features\LoginSlice.ts">
      <metrics statements="6" coveredstatements="6" conditionals="0" coveredconditionals="0" methods="2" coveredmethods="2"/>
      <line num="1" count="1" type="stmt"/>
      <line num="4" count="1" type="stmt"/>
      <line num="14" count="1" type="stmt"/>
      <line num="17" count="1" type="stmt"/>
      <line num="24" count="1" type="stmt"/>
      <line num="27" count="1" type="stmt"/>
    </file>
  </project>
</coverage>
