{"D:\\COOL\\Frontend\\src\\components\\inputs\\Input.tsx": {"path":"D:\\COOL\\Frontend\\src\\components\\inputs\\Input.tsx","statementMap":{"0":{"start":{"line":9,"column":36},"end":{"line":22,"column":1}},"1":{"start":{"line":10,"column":1},"end":{"line":21,"column":null}},"2":{"start":{"line":24,"column":0},"end":{"line":24,"column":null}}},"fnMap":{"0":{"name":"(anonymous_0)","decl":{"start":{"line":9,"column":36},"end":{"line":9,"column":37}},"loc":{"start":{"line":9,"column":80},"end":{"line":22,"column":1}}}},"branchMap":{},"s":{"0":1,"1":4,"2":1},"f":{"0":4},"b":{}}
,"D:\\COOL\\Frontend\\src\\components\\sections\\HeaderSection.tsx": {"path":"D:\\COOL\\Frontend\\src\\components\\sections\\HeaderSection.tsx","statementMap":{"0":{"start":{"line":2,"column":0},"end":{"line":2,"column":50}},"1":{"start":{"line":3,"column":0},"end":{"line":3,"column":35}},"2":{"start":{"line":12,"column":53},"end":{"line":52,"column":1}},"3":{"start":{"line":18,"column":1},"end":{"line":51,"column":null}},"4":{"start":{"line":54,"column":0},"end":{"line":54,"column":null}}},"fnMap":{"0":{"name":"(anonymous_1)","decl":{"start":{"line":12,"column":53},"end":{"line":12,"column":54}},"loc":{"start":{"line":17,"column":5},"end":{"line":52,"column":1}}}},"branchMap":{},"s":{"0":1,"1":1,"2":1,"3":1,"4":1},"f":{"0":1},"b":{}}
,"D:\\COOL\\Frontend\\src\\components\\sidebar\\SideBar.tsx": {"path":"D:\\COOL\\Frontend\\src\\components\\sidebar\\SideBar.tsx","statementMap":{"0":{"start":{"line":1,"column":0},"end":{"line":1,"column":39}},"1":{"start":{"line":2,"column":0},"end":{"line":2,"column":39}},"2":{"start":{"line":3,"column":0},"end":{"line":3,"column":51}},"3":{"start":{"line":4,"column":0},"end":{"line":4,"column":43}},"4":{"start":{"line":5,"column":0},"end":{"line":5,"column":54}},"5":{"start":{"line":6,"column":0},"end":{"line":6,"column":48}},"6":{"start":{"line":7,"column":0},"end":{"line":7,"column":39}},"7":{"start":{"line":8,"column":0},"end":{"line":8,"column":47}},"8":{"start":{"line":9,"column":0},"end":{"line":9,"column":42}},"9":{"start":{"line":11,"column":0},"end":{"line":11,"column":40}},"10":{"start":{"line":12,"column":0},"end":{"line":12,"column":54}},"11":{"start":{"line":13,"column":0},"end":{"line":13,"column":66}},"12":{"start":{"line":14,"column":0},"end":{"line":14,"column":72}},"13":{"start":{"line":16,"column":13},"end":{"line":22,"column":null}},"14":{"start":{"line":24,"column":26},"end":{"line":176,"column":1}},"15":{"start":{"line":25,"column":37},"end":{"line":25,"column":52}},"16":{"start":{"line":27,"column":23},"end":{"line":27,"column":27}},"17":{"start":{"line":29,"column":20},"end":{"line":31,"column":2}},"18":{"start":{"line":30,"column":2},"end":{"line":30,"column":null}},"19":{"start":{"line":32,"column":1},"end":{"line":175,"column":null}},"20":{"start":{"line":178,"column":0},"end":{"line":178,"column":null}}},"fnMap":{"0":{"name":"(anonymous_1)","decl":{"start":{"line":24,"column":26},"end":{"line":24,"column":29}},"loc":{"start":{"line":24,"column":31},"end":{"line":176,"column":1}}},"1":{"name":"(anonymous_2)","decl":{"start":{"line":29,"column":20},"end":{"line":29,"column":23}},"loc":{"start":{"line":29,"column":25},"end":{"line":31,"column":2}}}},"branchMap":{"0":{"loc":{"start":{"line":110,"column":7},"end":{"line":121,"column":null}},"type":"cond-expr","locations":[{"start":{"line":111,"column":7},"end":{"line":114,"column":null}},{"start":{"line":117,"column":7},"end":{"line":120,"column":null}}]},"1":{"loc":{"start":{"line":128,"column":4},"end":{"line":172,"column":null}},"type":"binary-expr","locations":[{"start":{"line":128,"column":4},"end":{"line":128,"column":14}},{"start":{"line":129,"column":4},"end":{"line":171,"column":null}}]}},"s":{"0":1,"1":1,"2":1,"3":1,"4":1,"5":1,"6":1,"7":1,"8":1,"9":1,"10":1,"11":1,"12":1,"13":1,"14":1,"15":1,"16":1,"17":1,"18":0,"19":1,"20":1},"f":{"0":1,"1":0},"b":{"0":[1,0],"1":[1,0]}}
,"D:\\COOL\\Frontend\\src\\pages\\Home.tsx": {"path":"D:\\COOL\\Frontend\\src\\pages\\Home.tsx","statementMap":{"0":{"start":{"line":1,"column":0},"end":{"line":1,"column":64}},"1":{"start":{"line":2,"column":0},"end":{"line":2,"column":51}},"2":{"start":{"line":4,"column":13},"end":{"line":19,"column":1}},"3":{"start":{"line":5,"column":1},"end":{"line":18,"column":null}},"4":{"start":{"line":21,"column":0},"end":{"line":21,"column":null}}},"fnMap":{"0":{"name":"(anonymous_1)","decl":{"start":{"line":4,"column":13},"end":{"line":4,"column":16}},"loc":{"start":{"line":4,"column":18},"end":{"line":19,"column":1}}}},"branchMap":{},"s":{"0":1,"1":1,"2":1,"3":1,"4":1},"f":{"0":1},"b":{}}
,"D:\\COOL\\Frontend\\src\\test\\fileMock.js": {"path":"D:\\COOL\\Frontend\\src\\test\\fileMock.js","statementMap":{"0":{"start":{"line":1,"column":0},"end":{"line":1,"column":34}}},"fnMap":{},"branchMap":{},"s":{"0":1},"f":{},"b":{},"_coverageSchema":"1a1c01bbd47fc00a2c39e90264f33305004495a9","hash":"7808d912dbde9fe829066a80e1f7f0b8bf276c1b"}
}
